        -:    0:Source:dominion.c
        -:    0:Graph:dominion.gcno
        -:    0:Data:dominion.gcda
        -:    0:Runs:1
        -:    0:Programs:1
        -:    1:#include "dominion.h"
        -:    2:#include "dominion_helpers.h"
        -:    3:#include "rngs.h"
        -:    4:#include <stdio.h>
        -:    5:#include <math.h>
        -:    6:#include <stdlib.h>
        -:    7:
function compare called 213646 returned 100% blocks executed 100%
        -:    8:int compare(const void* a, const void* b) {
   213646:    9:  if (*(int*)a > *(int*)b)
branch  0 taken 1%
branch  1 taken 99%
      172:   10:    return 1;
   213474:   11:  if (*(int*)a < *(int*)b)
branch  0 taken 35%
branch  1 taken 65%
    75062:   12:    return -1;
   138412:   13:  return 0;
   213646:   14:}
        -:   15:
function newGame called 0 returned 0% blocks executed 0%
        -:   16:struct gameState* newGame() {
    #####:   17:  struct gameState* g = malloc(sizeof(struct gameState));
    #####:   18:  return g;
        -:   19:}
        -:   20:
function kingdomCards called 0 returned 0% blocks executed 0%
        -:   21:int* kingdomCards(int k1, int k2, int k3, int k4, int k5, int k6, int k7,
        -:   22:		  int k8, int k9, int k10) {
    #####:   23:  int* k = malloc(10 * sizeof(int));
    #####:   24:  k[0] = k1;
    #####:   25:  k[1] = k2;
    #####:   26:  k[2] = k3;
    #####:   27:  k[3] = k4;
    #####:   28:  k[4] = k5;
    #####:   29:  k[5] = k6;
    #####:   30:  k[6] = k7;
    #####:   31:  k[7] = k8;
    #####:   32:  k[8] = k9;
    #####:   33:  k[9] = k10;
    #####:   34:  return k;
        -:   35:}
        -:   36:
function initializeGame called 5000 returned 100% blocks executed 95%
        -:   37:int initializeGame(int numPlayers, int kingdomCards[10], int randomSeed,
        -:   38:		   struct gameState *state) {
        -:   39:
        -:   40:  int i;
        -:   41:  int j;
        -:   42:  int it;
        -:   43:  //set up random number generator
     5000:   44:  SelectStream(1);
     5000:   45:  PutSeed((long)randomSeed);
        -:   46:
        -:   47:  //check number of players
    10000:   48:  if (numPlayers > MAX_PLAYERS || numPlayers < 2)
branch  0 taken 100%
branch  1 taken 0%
branch  2 taken 0%
branch  3 taken 100%
        -:   49:    {
    #####:   50:      return -1;
        -:   51:    }
        -:   52:
        -:   53:  //set number of players
     5000:   54:  state->numPlayers = numPlayers;
        -:   55:
        -:   56:  //check selected kingdom cards are different
   110000:   57:  for (i = 0; i < 10; i++)
branch  0 taken 91%
branch  1 taken 9%
        -:   58:    {
  1100000:   59:      for (j = 0; j < 10; j++)
branch  0 taken 91%
branch  1 taken 9%
        -:   60:        {
   950000:   61:	  if (j != i && kingdomCards[j] == kingdomCards[i])
branch  0 taken 90%
branch  1 taken 10%
branch  2 taken 0%
branch  3 taken 100%
        -:   62:	    {
    #####:   63:	      return -1;
        -:   64:	    }
   500000:   65:        }
    50000:   66:    }
        -:   67:
        -:   68:
        -:   69:  //initialize supply
        -:   70:  ///////////////////////////////
        -:   71:
        -:   72:  //set number of Curse cards
     5000:   73:  if (numPlayers == 2)
branch  0 taken 33%
branch  1 taken 67%
        -:   74:    {
     1644:   75:      state->supplyCount[curse] = 10;
     1644:   76:    }
     3356:   77:  else if (numPlayers == 3)
branch  0 taken 51%
branch  1 taken 49%
        -:   78:    {
     1725:   79:      state->supplyCount[curse] = 20;
     1725:   80:    }
        -:   81:  else
        -:   82:    {
     1631:   83:      state->supplyCount[curse] = 30;
        -:   84:    }
        -:   85:
        -:   86:  //set number of Victory cards
     5000:   87:  if (numPlayers == 2)
branch  0 taken 33%
branch  1 taken 67%
        -:   88:    {
     1644:   89:      state->supplyCount[estate] = 8;
     1644:   90:      state->supplyCount[duchy] = 8;
     1644:   91:      state->supplyCount[province] = 8;
     1644:   92:    }
        -:   93:  else
        -:   94:    {
     3356:   95:      state->supplyCount[estate] = 12;
     3356:   96:      state->supplyCount[duchy] = 12;
     3356:   97:      state->supplyCount[province] = 12;
        -:   98:    }
        -:   99:
        -:  100:  //set number of Treasure cards
     5000:  101:  state->supplyCount[copper] = 60 - (7 * numPlayers);
     5000:  102:  state->supplyCount[silver] = 40;
     5000:  103:  state->supplyCount[gold] = 30;
        -:  104:
        -:  105:  //set number of Kingdom cards
   210000:  106:  for (i = adventurer; i <= treasure_map; i++)       	//loop all cards
branch  0 taken 95%
branch  1 taken 5%
        -:  107:    {
  1650000:  108:      for (j = 0; j < 10; j++)           		//loop chosen cards
branch  0 taken 94%
branch  1 taken 6%
        -:  109:	{
   775000:  110:	  if (kingdomCards[j] == i)
branch  0 taken 6%
branch  1 taken 94%
        -:  111:	    {
        -:  112:	      //check if card is a 'Victory' Kingdom card
    95000:  113:	      if (kingdomCards[j] == great_hall || kingdomCards[j] == gardens)
branch  0 taken 90%
branch  1 taken 10%
branch  2 taken 0%
branch  3 taken 100%
        -:  114:		{
     5000:  115:		  if (numPlayers == 2){
branch  0 taken 33%
branch  1 taken 67%
     1644:  116:		    state->supplyCount[i] = 8;
     1644:  117:		  }
     3356:  118:		  else{ state->supplyCount[i] = 12; }
     5000:  119:		}
        -:  120:	      else
        -:  121:		{
    45000:  122:		  state->supplyCount[i] = 10;
        -:  123:		}
    50000:  124:	      break;
        -:  125:	    }
        -:  126:	  else    //card is not in the set choosen for the game
        -:  127:	    {
   725000:  128:	      state->supplyCount[i] = -1;
        -:  129:	    }
   725000:  130:	}
        -:  131:
   100000:  132:    }
        -:  133:
        -:  134:  ////////////////////////
        -:  135:  //supply intilization complete
        -:  136:
        -:  137:  //set player decks
    39974:  138:  for (i = 0; i < numPlayers; i++)
branch  0 taken 75%
branch  1 taken 25%
        -:  139:    {
    14987:  140:      state->deckCount[i] = 0;
   119896:  141:      for (j = 0; j < 3; j++)
branch  0 taken 75%
branch  1 taken 25%
        -:  142:	{
    44961:  143:	  state->deck[i][j] = estate;
    44961:  144:	  state->deckCount[i]++;
    44961:  145:	}
   239792:  146:      for (j = 3; j < 10; j++)
branch  0 taken 88%
branch  1 taken 13%
        -:  147:	{
   104909:  148:	  state->deck[i][j] = copper;
   104909:  149:	  state->deckCount[i]++;
   104909:  150:	}
    14987:  151:    }
        -:  152:
        -:  153:  //shuffle player decks
    39974:  154:  for (i = 0; i < numPlayers; i++)
branch  0 taken 75%
branch  1 taken 25%
        -:  155:    {
    14987:  156:      if ( shuffle(i, state) < 0 )
branch  0 taken 0%
branch  1 taken 100%
        -:  157:	{
    #####:  158:	  return -1;
        -:  159:	}
    14987:  160:    }
        -:  161:
        -:  162:  //draw player hands
    39974:  163:  for (i = 0; i < numPlayers; i++)
branch  0 taken 75%
branch  1 taken 25%
        -:  164:    {
        -:  165:      //initialize hand size to zero
    14987:  166:      state->handCount[i] = 0;
    14987:  167:      state->discardCount[i] = 0;
        -:  168:      //draw 5 cards
        -:  169:      // for (j = 0; j < 5; j++)
        -:  170:      //	{
        -:  171:      //	  drawCard(i, state);
        -:  172:      //	}
    14987:  173:    }
        -:  174:
        -:  175:  //set embargo tokens to 0 for all supply piles
   280000:  176:  for (i = 0; i <= treasure_map; i++)
branch  0 taken 96%
branch  1 taken 4%
        -:  177:    {
   135000:  178:      state->embargoTokens[i] = 0;
   135000:  179:    }
        -:  180:
        -:  181:  //initialize first player's turn
     5000:  182:  state->outpostPlayed = 0;
     5000:  183:  state->phase = 0;
     5000:  184:  state->numActions = 1;
     5000:  185:  state->numBuys = 1;
     5000:  186:  state->playedCardCount = 0;
     5000:  187:  state->whoseTurn = 0;
     5000:  188:  state->handCount[state->whoseTurn] = 0;
        -:  189:  //int it; move to top
        -:  190:
        -:  191:  //Moved draw cards to here, only drawing at the start of a turn
    60000:  192:  for (it = 0; it < 5; it++){
branch  0 taken 83%
branch  1 taken 17%
    25000:  193:    drawCard(state->whoseTurn, state);
    25000:  194:  }
        -:  195:
     5000:  196:  updateCoins(state->whoseTurn, state, 0);
        -:  197:
     5000:  198:  return 0;
     5000:  199:}
        -:  200:
function shuffle called 14997 returned 100% blocks executed 93%
        -:  201:int shuffle(int player, struct gameState *state) {
        -:  202:
        -:  203:
        -:  204:  int newDeck[MAX_DECK];
    14997:  205:  int newDeckPos = 0;
        -:  206:  int card;
        -:  207:  int i;
        -:  208:
    14997:  209:  if (state->deckCount[player] < 1)
branch  0 taken 0%
branch  1 taken 100%
    #####:  210:    return -1;
    14997:  211:  qsort ((void*)(state->deck[player]), state->deckCount[player], sizeof(int), compare);
        -:  212:  /* SORT CARDS IN DECK TO ENSURE DETERMINISM! */
        -:  213:
   336536:  214:  while (state->deckCount[player] > 0) {
branch  0 taken 91%
branch  1 taken 9%
   153271:  215:    card = floor(Random() * state->deckCount[player]);
   153271:  216:    newDeck[newDeckPos] = state->deck[player][card];
   153271:  217:    newDeckPos++;
  1642972:  218:    for (i = card; i < state->deckCount[player]-1; i++) {
branch  0 taken 81%
branch  1 taken 19%
   668215:  219:      state->deck[player][i] = state->deck[player][i+1];
   668215:  220:    }
   153271:  221:    state->deckCount[player]--;
        -:  222:  }
   336536:  223:  for (i = 0; i < newDeckPos; i++) {
branch  0 taken 91%
branch  1 taken 9%
   153271:  224:    state->deck[player][i] = newDeck[i];
   153271:  225:    state->deckCount[player]++;
   153271:  226:  }
        -:  227:
    14997:  228:  return 0;
    14997:  229:}
        -:  230:
function playCard called 0 returned 0% blocks executed 0%
        -:  231:int playCard(int handPos, int choice1, int choice2, int choice3, struct gameState *state)
        -:  232:{
        -:  233:  int card;
    #####:  234:  int coin_bonus = 0; 		//tracks coins gain from actions
        -:  235:
        -:  236:  //check if it is the right phase
    #####:  237:  if (state->phase != 0)
branch  0 never executed
branch  1 never executed
        -:  238:    {
    #####:  239:      return -1;
        -:  240:    }
        -:  241:
        -:  242:  //check if player has enough actions
    #####:  243:  if ( state->numActions < 1 )
branch  0 never executed
branch  1 never executed
        -:  244:    {
    #####:  245:      return -1;
        -:  246:    }
        -:  247:
        -:  248:  //get card played
    #####:  249:  card = handCard(handPos, state);
        -:  250:
        -:  251:  //check if selected card is an action
    #####:  252:  if ( card < adventurer || card > treasure_map )
branch  0 never executed
branch  1 never executed
branch  2 never executed
branch  3 never executed
        -:  253:    {
    #####:  254:      return -1;
        -:  255:    }
        -:  256:
        -:  257:  //play card
    #####:  258:  if ( cardEffect(card, choice1, choice2, choice3, state, handPos, &coin_bonus) < 0 )
branch  0 never executed
branch  1 never executed
        -:  259:    {
    #####:  260:      return -1;
        -:  261:    }
        -:  262:
        -:  263:  //reduce number of actions
    #####:  264:  state->numActions--;
        -:  265:
        -:  266:  //update coins (Treasure cards may be added with card draws)
    #####:  267:  updateCoins(state->whoseTurn, state, coin_bonus);
        -:  268:
    #####:  269:  return 0;
    #####:  270:}
        -:  271:
function buyCard called 0 returned 0% blocks executed 0%
        -:  272:int buyCard(int supplyPos, struct gameState *state) {
        -:  273:  int who;
        -:  274:  if (DEBUG){
        -:  275:    printf("Entering buyCard...\n");
        -:  276:  }
        -:  277:
        -:  278:  // I don't know what to do about the phase thing.
        -:  279:
    #####:  280:  who = state->whoseTurn;
        -:  281:
    #####:  282:  if (state->numBuys < 1){
branch  0 never executed
branch  1 never executed
        -:  283:    if (DEBUG)
        -:  284:      printf("You do not have any buys left\n");
    #####:  285:    return -1;
    #####:  286:  } else if (supplyCount(supplyPos, state) <1){
branch  0 never executed
branch  1 never executed
        -:  287:    if (DEBUG)
        -:  288:      printf("There are not any of that type of card left\n");
    #####:  289:    return -1;
    #####:  290:  } else if (state->coins < getCost(supplyPos)){
branch  0 never executed
branch  1 never executed
        -:  291:    if (DEBUG)
        -:  292:      printf("You do not have enough money to buy that. You have %d coins.\n", state->coins);
    #####:  293:    return -1;
        -:  294:  } else {
    #####:  295:    state->phase=1;
        -:  296:    //state->supplyCount[supplyPos]--;
    #####:  297:    gainCard(supplyPos, state, 0, who); //card goes in discard, this might be wrong.. (2 means goes into hand, 0 goes into discard)
        -:  298:
    #####:  299:    state->coins = (state->coins) - (getCost(supplyPos));
    #####:  300:    state->numBuys--;
        -:  301:    if (DEBUG)
        -:  302:      printf("You bought card number %d for %d coins. You now have %d buys and %d coins.\n", supplyPos, getCost(supplyPos), state->numBuys, state->coins);
        -:  303:  }
        -:  304:
        -:  305:  //state->discard[who][state->discardCount[who]] = supplyPos;
        -:  306:  //state->discardCount[who]++;
        -:  307:
    #####:  308:  return 0;
    #####:  309:}
        -:  310:
function numHandCards called 0 returned 0% blocks executed 0%
        -:  311:int numHandCards(struct gameState *state) {
    #####:  312:  return state->handCount[ whoseTurn(state) ];
        -:  313:}
        -:  314:
function handCard called 0 returned 0% blocks executed 0%
        -:  315:int handCard(int handPos, struct gameState *state) {
    #####:  316:  int currentPlayer = whoseTurn(state);
    #####:  317:  return state->hand[currentPlayer][handPos];
        -:  318:}
        -:  319:
function supplyCount called 0 returned 0% blocks executed 0%
        -:  320:int supplyCount(int card, struct gameState *state) {
    #####:  321:  return state->supplyCount[card];
        -:  322:}
        -:  323:
function fullDeckCount called 0 returned 0% blocks executed 0%
        -:  324:int fullDeckCount(int player, int card, struct gameState *state) {
        -:  325:  int i;
    #####:  326:  int count = 0;
        -:  327:
    #####:  328:  for (i = 0; i < state->deckCount[player]; i++)
branch  0 never executed
branch  1 never executed
        -:  329:    {
    #####:  330:      if (state->deck[player][i] == card) count++;
branch  0 never executed
branch  1 never executed
    #####:  331:    }
        -:  332:
    #####:  333:  for (i = 0; i < state->handCount[player]; i++)
branch  0 never executed
branch  1 never executed
        -:  334:    {
    #####:  335:      if (state->hand[player][i] == card) count++;
branch  0 never executed
branch  1 never executed
    #####:  336:    }
        -:  337:
    #####:  338:  for (i = 0; i < state->discardCount[player]; i++)
branch  0 never executed
branch  1 never executed
        -:  339:    {
    #####:  340:      if (state->discard[player][i] == card) count++;
branch  0 never executed
branch  1 never executed
    #####:  341:    }
        -:  342:
    #####:  343:  return count;
        -:  344:}
        -:  345:
function whoseTurn called 5000 returned 100% blocks executed 100%
        -:  346:int whoseTurn(struct gameState *state) {
     5000:  347:  return state->whoseTurn;
        -:  348:}
        -:  349:
function endTurn called 0 returned 0% blocks executed 0%
        -:  350:int endTurn(struct gameState *state) {
        -:  351:  int k;
        -:  352:  int i;
    #####:  353:  int currentPlayer = whoseTurn(state);
        -:  354:
        -:  355:  //Discard hand
    #####:  356:  for (i = 0; i < state->handCount[currentPlayer]; i++){
branch  0 never executed
branch  1 never executed
    #####:  357:    state->discard[currentPlayer][state->discardCount[currentPlayer]++] = state->hand[currentPlayer][i];//Discard
    #####:  358:    state->hand[currentPlayer][i] = -1;//Set card to -1
    #####:  359:  }
    #####:  360:  state->handCount[currentPlayer] = 0;//Reset hand count
        -:  361:
        -:  362:  //Code for determining the player
    #####:  363:  if (currentPlayer < (state->numPlayers - 1)){
branch  0 never executed
branch  1 never executed
    #####:  364:    state->whoseTurn = currentPlayer + 1;//Still safe to increment
    #####:  365:  }
        -:  366:  else{
    #####:  367:    state->whoseTurn = 0;//Max player has been reached, loop back around to player 1
        -:  368:  }
        -:  369:
    #####:  370:  state->outpostPlayed = 0;
    #####:  371:  state->phase = 0;
    #####:  372:  state->numActions = 1;
    #####:  373:  state->coins = 0;
    #####:  374:  state->numBuys = 1;
    #####:  375:  state->playedCardCount = 0;
    #####:  376:  state->handCount[state->whoseTurn] = 0;
        -:  377:
        -:  378:  //int k; move to top
        -:  379:  //Next player draws hand
    #####:  380:  for (k = 0; k < 5; k++){
branch  0 never executed
branch  1 never executed
    #####:  381:    drawCard(state->whoseTurn, state);//Draw a card
    #####:  382:  }
        -:  383:
        -:  384:  //Update money
    #####:  385:  updateCoins(state->whoseTurn, state , 0);
        -:  386:
    #####:  387:  return 0;
        -:  388:}
        -:  389:
function isGameOver called 0 returned 0% blocks executed 0%
        -:  390:int isGameOver(struct gameState *state) {
        -:  391:  int i;
        -:  392:  int j;
        -:  393:
        -:  394:  //if stack of Province cards is empty, the game ends
    #####:  395:  if (state->supplyCount[province] == 0)
branch  0 never executed
branch  1 never executed
        -:  396:    {
    #####:  397:      return 1;
        -:  398:    }
        -:  399:
        -:  400:  //if three supply pile are at 0, the game ends
    #####:  401:  j = 0;
    #####:  402:  for (i = 0; i < 25; i++) {
branch  0 never executed
branch  1 never executed
    #####:  403:    if (state->supplyCount[i] == 0) {
branch  0 never executed
branch  1 never executed
    #####:  404:	       j++;
    #####:  405:       }
    #####:  406:  }
        -:  407:
    #####:  408:  if ( j >= 3) {
branch  0 never executed
branch  1 never executed
    #####:  409:      return 1;
        -:  410:  }
        -:  411:
    #####:  412:  return 0;
    #####:  413:}
        -:  414:
function scoreFor called 0 returned 0% blocks executed 0%
        -:  415:int scoreFor (int player, struct gameState *state) {
        -:  416:
        -:  417:  int i;
    #####:  418:  int score = 0;
        -:  419:  //score from hand
    #####:  420:  for (i = 0; i < state->handCount[player]; i++)
branch  0 never executed
branch  1 never executed
        -:  421:    {
    #####:  422:      if (state->hand[player][i] == curse) { score = score - 1; };
branch  0 never executed
branch  1 never executed
    #####:  423:      if (state->hand[player][i] == estate) { score = score + 1; };
branch  0 never executed
branch  1 never executed
    #####:  424:      if (state->hand[player][i] == duchy) { score = score + 3; };
branch  0 never executed
branch  1 never executed
    #####:  425:      if (state->hand[player][i] == province) { score = score + 6; };
branch  0 never executed
branch  1 never executed
    #####:  426:      if (state->hand[player][i] == great_hall) { score = score + 1; };
branch  0 never executed
branch  1 never executed
    #####:  427:      if (state->hand[player][i] == gardens) { score = score + ( fullDeckCount(player, 0, state) / 10 ); };
branch  0 never executed
branch  1 never executed
    #####:  428:    }
        -:  429:
        -:  430:  //score from discard
    #####:  431:  for (i = 0; i < state->discardCount[player]; i++)
branch  0 never executed
branch  1 never executed
        -:  432:    {
    #####:  433:      if (state->discard[player][i] == curse) { score = score - 1; };
branch  0 never executed
branch  1 never executed
    #####:  434:      if (state->discard[player][i] == estate) { score = score + 1; };
branch  0 never executed
branch  1 never executed
    #####:  435:      if (state->discard[player][i] == duchy) { score = score + 3; };
branch  0 never executed
branch  1 never executed
    #####:  436:      if (state->discard[player][i] == province) { score = score + 6; };
branch  0 never executed
branch  1 never executed
    #####:  437:      if (state->discard[player][i] == great_hall) { score = score + 1; };
branch  0 never executed
branch  1 never executed
    #####:  438:      if (state->discard[player][i] == gardens) { score = score + ( fullDeckCount(player, 0, state) / 10 ); };
branch  0 never executed
branch  1 never executed
    #####:  439:    }
        -:  440:
        -:  441:  //score from deck
    #####:  442:  for (i = 0; i < state->discardCount[player]; i++)
branch  0 never executed
branch  1 never executed
        -:  443:    {
    #####:  444:      if (state->deck[player][i] == curse) { score = score - 1; };
branch  0 never executed
branch  1 never executed
    #####:  445:      if (state->deck[player][i] == estate) { score = score + 1; };
branch  0 never executed
branch  1 never executed
    #####:  446:      if (state->deck[player][i] == duchy) { score = score + 3; };
branch  0 never executed
branch  1 never executed
    #####:  447:      if (state->deck[player][i] == province) { score = score + 6; };
branch  0 never executed
branch  1 never executed
    #####:  448:      if (state->deck[player][i] == great_hall) { score = score + 1; };
branch  0 never executed
branch  1 never executed
    #####:  449:      if (state->deck[player][i] == gardens) { score = score + ( fullDeckCount(player, 0, state) / 10 ); };
branch  0 never executed
branch  1 never executed
    #####:  450:    }
        -:  451:
    #####:  452:  return score;
        -:  453:}
        -:  454:
function getWinners called 0 returned 0% blocks executed 0%
        -:  455:int getWinners(int players[MAX_PLAYERS], struct gameState *state) {
        -:  456:  int i;
        -:  457:  int j;
        -:  458:  int highScore;
        -:  459:  int currentPlayer;
        -:  460:
        -:  461:  //get score for each player
    #####:  462:  for (i = 0; i < MAX_PLAYERS; i++)
branch  0 never executed
branch  1 never executed
        -:  463:    {
        -:  464:      //set unused player scores to -9999
    #####:  465:      if (i >= state->numPlayers)
branch  0 never executed
branch  1 never executed
        -:  466:	{
    #####:  467:	  players[i] = -9999;
    #####:  468:	}
        -:  469:      else
        -:  470:	{
    #####:  471:	  players[i] = scoreFor (i, state);
        -:  472:	}
    #####:  473:    }
        -:  474:
        -:  475:  //find highest score
    #####:  476:  j = 0;
    #####:  477:  for (i = 0; i < MAX_PLAYERS; i++)
branch  0 never executed
branch  1 never executed
        -:  478:    {
    #####:  479:      if (players[i] > players[j])
branch  0 never executed
branch  1 never executed
        -:  480:	{
    #####:  481:	  j = i;
    #####:  482:	}
    #####:  483:    }
    #####:  484:  highScore = players[j];
        -:  485:
        -:  486:  //add 1 to players who had less turns
    #####:  487:  currentPlayer = whoseTurn(state);
    #####:  488:  for (i = 0; i < MAX_PLAYERS; i++)
branch  0 never executed
branch  1 never executed
        -:  489:    {
    #####:  490:      if ( players[i] == highScore && i > currentPlayer )
branch  0 never executed
branch  1 never executed
branch  2 never executed
branch  3 never executed
        -:  491:	{
    #####:  492:	  players[i]++;
    #####:  493:	}
    #####:  494:    }
        -:  495:
        -:  496:  //find new highest score
    #####:  497:  j = 0;
    #####:  498:  for (i = 0; i < MAX_PLAYERS; i++)
branch  0 never executed
branch  1 never executed
        -:  499:    {
    #####:  500:      if ( players[i] > players[j] )
branch  0 never executed
branch  1 never executed
        -:  501:	{
    #####:  502:	  j = i;
    #####:  503:	}
    #####:  504:    }
    #####:  505:  highScore = players[j];
        -:  506:
        -:  507:  //set winners in array to 1 and rest to 0
    #####:  508:  for (i = 0; i < MAX_PLAYERS; i++)
branch  0 never executed
branch  1 never executed
        -:  509:    {
    #####:  510:      if ( players[i] == highScore )
branch  0 never executed
branch  1 never executed
        -:  511:	{
    #####:  512:	  players[i] = 1;
    #####:  513:	}
        -:  514:      else
        -:  515:	{
    #####:  516:	  players[i] = 0;
        -:  517:	}
    #####:  518:    }
        -:  519:
    #####:  520:  return 0;
        -:  521:}
        -:  522:
function drawCard called 30000 returned 100% blocks executed 91%
        -:  523:int drawCard(int player, struct gameState *state)
        -:  524:{	int count;
        -:  525:  int deckCounter;
    30000:  526:  if (state->deckCount[player] <= 0){//Deck is empty
branch  0 taken 1%
branch  1 taken 99%
        -:  527:
        -:  528:    //Step 1 Shuffle the discard pile back into a deck
        -:  529:    int i;
        -:  530:    //Move discard to deck
     6822:  531:    for (i = 0; i < state->discardCount[player];i++){
branch  0 taken 99%
branch  1 taken 1%
     3401:  532:      state->deck[player][i] = state->discard[player][i];
     3401:  533:      state->discard[player][i] = -1;
     3401:  534:    }
        -:  535:
       10:  536:    state->deckCount[player] = state->discardCount[player];
       10:  537:    state->discardCount[player] = 0;//Reset discard
        -:  538:
        -:  539:    //Shufffle the deck
       10:  540:    shuffle(player, state);//Shuffle the deck up and make it so that we can draw
        -:  541:
        -:  542:    if (DEBUG){//Debug statements
        -:  543:      printf("Deck count now: %d\n", state->deckCount[player]);
        -:  544:    }
        -:  545:
       10:  546:    state->discardCount[player] = 0;
        -:  547:
        -:  548:    //Step 2 Draw Card
       10:  549:    count = state->handCount[player];//Get current player's hand count
        -:  550:
        -:  551:    if (DEBUG){//Debug statements
        -:  552:      printf("Current hand count: %d\n", count);
        -:  553:    }
        -:  554:
       10:  555:    deckCounter = state->deckCount[player];//Create a holder for the deck count
        -:  556:
       10:  557:    if (deckCounter == 0)
branch  0 taken 0%
branch  1 taken 100%
    #####:  558:      return -1;
        -:  559:
       10:  560:    state->hand[player][count] = state->deck[player][deckCounter - 1];//Add card to hand
       10:  561:    state->deckCount[player]--;
       10:  562:    state->handCount[player]++;//Increment hand count
       10:  563:  }
        -:  564:
        -:  565:  else{
    29990:  566:    int count = state->handCount[player];//Get current hand count for player
        -:  567:    int deckCounter;
        -:  568:    if (DEBUG){//Debug statements
        -:  569:      printf("Current hand count: %d\n", count);
        -:  570:    }
        -:  571:
    29990:  572:    deckCounter = state->deckCount[player];//Create holder for the deck count
    29990:  573:    state->hand[player][count] = state->deck[player][deckCounter - 1];//Add card to the hand
    29990:  574:    state->deckCount[player]--;
    29990:  575:    state->handCount[player]++;//Increment hand count
        -:  576:  }
        -:  577:
    30000:  578:  return 0;
    30000:  579:}
        -:  580:
function getCost called 0 returned 0% blocks executed 0%
        -:  581:int getCost(int cardNumber)
        -:  582:{
    #####:  583:  switch( cardNumber )
branch  0 never executed
branch  1 never executed
branch  2 never executed
branch  3 never executed
branch  4 never executed
branch  5 never executed
branch  6 never executed
branch  7 never executed
branch  8 never executed
branch  9 never executed
branch 10 never executed
branch 11 never executed
branch 12 never executed
branch 13 never executed
branch 14 never executed
branch 15 never executed
branch 16 never executed
branch 17 never executed
branch 18 never executed
branch 19 never executed
branch 20 never executed
branch 21 never executed
branch 22 never executed
branch 23 never executed
branch 24 never executed
branch 25 never executed
branch 26 never executed
branch 27 never executed
        -:  584:    {
        -:  585:    case curse:
    #####:  586:      return 0;
        -:  587:    case estate:
    #####:  588:      return 2;
        -:  589:    case duchy:
    #####:  590:      return 5;
        -:  591:    case province:
    #####:  592:      return 8;
        -:  593:    case copper:
    #####:  594:      return 0;
        -:  595:    case silver:
    #####:  596:      return 3;
        -:  597:    case gold:
    #####:  598:      return 6;
        -:  599:    case adventurer:
    #####:  600:      return 6;
        -:  601:    case council_room:
    #####:  602:      return 5;
        -:  603:    case feast:
    #####:  604:      return 4;
        -:  605:    case gardens:
    #####:  606:      return 4;
        -:  607:    case mine:
    #####:  608:      return 5;
        -:  609:    case remodel:
    #####:  610:      return 4;
        -:  611:    case smithy:
    #####:  612:      return 4;
        -:  613:    case village:
    #####:  614:      return 3;
        -:  615:    case baron:
    #####:  616:      return 4;
        -:  617:    case great_hall:
    #####:  618:      return 3;
        -:  619:    case minion:
    #####:  620:      return 5;
        -:  621:    case steward:
    #####:  622:      return 3;
        -:  623:    case tribute:
    #####:  624:      return 5;
        -:  625:    case ambassador:
    #####:  626:      return 3;
        -:  627:    case cutpurse:
    #####:  628:      return 4;
        -:  629:    case embargo:
    #####:  630:      return 2;
        -:  631:    case outpost:
    #####:  632:      return 5;
        -:  633:    case salvager:
    #####:  634:      return 4;
        -:  635:    case sea_hag:
    #####:  636:      return 4;
        -:  637:    case treasure_map:
    #####:  638:      return 4;
        -:  639:    }
        -:  640:
    #####:  641:  return -1;
    #####:  642:}
        -:  643:
        -:  644:
function playSmithy called 0 returned 0% blocks executed 0%
        -:  645:int playSmithy(int currentPlayer, struct gameState *state, int handPos) {
        -:  646:  //+3 Cards
        -:  647:  int i;
        -:  648:  // BUG: started loop at 1 rather than 0
    #####:  649:  for (i = 1; i < 3; i++) {
branch  0 never executed
branch  1 never executed
    #####:  650:	  drawCard(currentPlayer, state);
    #####:  651:	}
        -:  652:
        -:  653:  //discard card from hand
    #####:  654:  discardCard(handPos, currentPlayer, state, 0);
    #####:  655:  return 0;
        -:  656:}
        -:  657:
function playAdventurer called 0 returned 0% blocks executed 0%
        -:  658:int playAdventurer(int drawntreasure, struct gameState *state, int currentPlayer, int cardDrawn, int temphand[MAX_HAND]) {
    #####:  659:      int z = 0;
        -:  660:      // BUG: changed < to <=
    #####:  661:      while(drawntreasure <= 2) {
branch  0 never executed
branch  1 never executed
    #####:  662:      if (state->deckCount[currentPlayer] < 1) {//if the deck is empty we need to shuffle discard and add to deck
branch  0 never executed
branch  1 never executed
    #####:  663:        shuffle(currentPlayer, state);
    #####:  664:      }
        -:  665:
    #####:  666:      drawCard(currentPlayer, state);
    #####:  667:      cardDrawn = state->hand[currentPlayer][state->handCount[currentPlayer]-1]; //top card of hand is most recently drawn card.
        -:  668:
    #####:  669:      if (cardDrawn == copper || cardDrawn == silver || cardDrawn == gold) {
branch  0 never executed
branch  1 never executed
branch  2 never executed
branch  3 never executed
branch  4 never executed
branch  5 never executed
    #####:  670:        drawntreasure++;
    #####:  671:      } else {
    #####:  672:        temphand[z]=cardDrawn;
    #####:  673:        state->handCount[currentPlayer]--; //this should just remove the top card (the most recently drawn one).
    #####:  674:        z++;
        -:  675:      }
        -:  676:    }
        -:  677:
        -:  678:    // BUG: changed >= to >
    #####:  679:    while(z - 1 > 0) {
branch  0 never executed
branch  1 never executed
    #####:  680:      state->discard[currentPlayer][state->discardCount[currentPlayer]++]=temphand[z-1]; // discard all cards in play that have been drawn
    #####:  681:      z=z-1;
        -:  682:    }
    #####:  683:    return 0;
        -:  684:}
        -:  685:
function playCouncilRoom called 0 returned 0% blocks executed 0%
        -:  686:int playCouncilRoom(int currentPlayer, struct gameState *state, int handPos) {
        -:  687:      //+4 Cards
        -:  688:      int i;
        -:  689:      // BUG: changed i to start at 1 rather than 0
    #####:  690:      for (i = 1; i < 4; i++) {
branch  0 never executed
branch  1 never executed
    #####:  691:        drawCard(currentPlayer, state);
    #####:  692:      }
        -:  693:
        -:  694:      //+1 Buy
    #####:  695:      state->numBuys++;
        -:  696:
        -:  697:      //Each other player draws a card
    #####:  698:      for (i = 0; i < state->numPlayers; i++) {
branch  0 never executed
branch  1 never executed
    #####:  699:        if ( i != currentPlayer ) {
branch  0 never executed
branch  1 never executed
    #####:  700:          drawCard(i, state);
    #####:  701:        }
    #####:  702:      }
        -:  703:
        -:  704:      //put played card in played card pile
    #####:  705:      discardCard(handPos, currentPlayer, state, 0);
    #####:  706:      return 0;
        -:  707:}
        -:  708:
function playVillage called 0 returned 0% blocks executed 0%
        -:  709:int playVillage(int currentPlayer, struct gameState *state, int handPos) {
        -:  710:  //+1 Card
    #####:  711:  drawCard(currentPlayer, state);
        -:  712:
        -:  713:  //+2 Actions
    #####:  714:  state->numActions = state->numActions + 2;
        -:  715:
        -:  716:  //discard played card from hand
    #####:  717:  discardCard(handPos, currentPlayer, state, 0);
    #####:  718:  return 0;
        -:  719:}
        -:  720:
function playGreatHall called 5000 returned 100% blocks executed 100%
        -:  721:int playGreatHall(int currentPlayer, struct gameState *state, int handPos) {
        -:  722:        //+1 Card
     5000:  723:      drawCard(currentPlayer, state);
        -:  724:
        -:  725:      //+1 Actions
     5000:  726:      state->numActions++;
        -:  727:
        -:  728:      //discard card from hand
     5000:  729:      discardCard(handPos, currentPlayer, state, 0);
     5000:  730:      return 0;
        -:  731:}
        -:  732:
function cardEffect called 5000 returned 100% blocks executed 2%
        -:  733:int cardEffect(int card, int choice1, int choice2, int choice3, struct gameState *state, int handPos, int *bonus) {
        -:  734:  int i;
        -:  735:  int j;
        -:  736:  int k;
        -:  737:  int x;
        -:  738:  int index;
     5000:  739:  int currentPlayer = whoseTurn(state);
     5000:  740:  int nextPlayer = currentPlayer + 1;
        -:  741:
     5000:  742:  int tributeRevealedCards[2] = {-1, -1};
        -:  743:  int temphand[MAX_HAND];// moved above the if statement
     5000:  744:  int drawntreasure=0;
     5000:  745:  int cardDrawn =0;
     5000:  746:  int z = 0;// this is the counter for the temp hand
     5000:  747:  if (nextPlayer > (state->numPlayers - 1)){
branch  0 taken 0%
branch  1 taken 100%
    #####:  748:    nextPlayer = 0;
    #####:  749:  }
        -:  750:
        -:  751:
        -:  752:  //uses switch to select card and perform actions
     5000:  753:  switch( card )
branch  0 taken 0%
branch  1 taken 0%
branch  2 taken 0%
branch  3 taken 0%
branch  4 taken 0%
branch  5 taken 0%
branch  6 taken 0%
branch  7 taken 0%
branch  8 taken 0%
branch  9 taken 100%
branch 10 taken 0%
branch 11 taken 0%
branch 12 taken 0%
branch 13 taken 0%
branch 14 taken 0%
branch 15 taken 0%
branch 16 taken 0%
branch 17 taken 0%
branch 18 taken 0%
branch 19 taken 0%
branch 20 taken 0%
        -:  754:    {
        -:  755:    case adventurer:
        -:  756:
    #####:  757:      return (playAdventurer(drawntreasure, state, currentPlayer, cardDrawn, temphand));
        -:  758:
        -:  759:    case council_room:
    #####:  760:      return (playCouncilRoom(currentPlayer, state, handPos));
        -:  761:
        -:  762:    case feast:
        -:  763:      //gain card with cost up to 5
        -:  764:      //Backup hand
    #####:  765:      for (i = 0; i <= state->handCount[currentPlayer]; i++){
branch  0 never executed
branch  1 never executed
    #####:  766:	temphand[i] = state->hand[currentPlayer][i];//Backup card
    #####:  767:	state->hand[currentPlayer][i] = -1;//Set to nothing
    #####:  768:      }
        -:  769:      //Backup hand
        -:  770:
        -:  771:      //Update Coins for Buy
    #####:  772:      updateCoins(currentPlayer, state, 5);
    #####:  773:      x = 1;//Condition to loop on
    #####:  774:      while( x == 1) {//Buy one card
branch  0 never executed
branch  1 never executed
    #####:  775:	if (supplyCount(choice1, state) <= 0){
branch  0 never executed
branch  1 never executed
        -:  776:	  if (DEBUG)
        -:  777:	    printf("None of that card left, sorry!\n");
        -:  778:
        -:  779:	  if (DEBUG){
        -:  780:	    printf("Cards Left: %d\n", supplyCount(choice1, state));
        -:  781:	  }
    #####:  782:	}
    #####:  783:	else if (state->coins < getCost(choice1)){
branch  0 never executed
branch  1 never executed
    #####:  784:	  printf("That card is too expensive!\n");
        -:  785:
        -:  786:	  if (DEBUG){
        -:  787:	    printf("Coins: %d < %d\n", state->coins, getCost(choice1));
        -:  788:	  }
    #####:  789:	}
        -:  790:	else{
        -:  791:
        -:  792:	  if (DEBUG){
        -:  793:	    printf("Deck Count: %d\n", state->handCount[currentPlayer] + state->deckCount[currentPlayer] + state->discardCount[currentPlayer]);
        -:  794:	  }
        -:  795:
    #####:  796:	  gainCard(choice1, state, 0, currentPlayer);//Gain the card
    #####:  797:	  x = 0;//No more buying cards
        -:  798:
        -:  799:	  if (DEBUG){
        -:  800:	    printf("Deck Count: %d\n", state->handCount[currentPlayer] + state->deckCount[currentPlayer] + state->discardCount[currentPlayer]);
        -:  801:	  }
        -:  802:
        -:  803:	}
        -:  804:      }
        -:  805:
        -:  806:      //Reset Hand
    #####:  807:      for (i = 0; i <= state->handCount[currentPlayer]; i++) {
branch  0 never executed
branch  1 never executed
    #####:  808:	      state->hand[currentPlayer][i] = temphand[i];
    #####:  809:	      temphand[i] = -1;
    #####:  810:      }
        -:  811:      //Reset Hand
        -:  812:
    #####:  813:      return 0;
        -:  814:
        -:  815:    case gardens:
    #####:  816:      return -1;
        -:  817:
        -:  818:    case mine:
    #####:  819:      j = state->hand[currentPlayer][choice1];  //store card we will trash
        -:  820:
    #####:  821:      if (state->hand[currentPlayer][choice1] < copper || state->hand[currentPlayer][choice1] > gold)
branch  0 never executed
branch  1 never executed
branch  2 never executed
branch  3 never executed
        -:  822:	{
    #####:  823:	  return -1;
        -:  824:	}
        -:  825:
    #####:  826:      if (choice2 > treasure_map || choice2 < curse)
branch  0 never executed
branch  1 never executed
branch  2 never executed
branch  3 never executed
        -:  827:	{
    #####:  828:	  return -1;
        -:  829:	}
        -:  830:
    #####:  831:      if ( (getCost(state->hand[currentPlayer][choice1]) + 3) > getCost(choice2) )
branch  0 never executed
branch  1 never executed
        -:  832:	{
    #####:  833:	  return -1;
        -:  834:	}
        -:  835:
    #####:  836:      gainCard(choice2, state, 2, currentPlayer);
        -:  837:
        -:  838:      //discard card from hand
    #####:  839:      discardCard(handPos, currentPlayer, state, 0);
        -:  840:
        -:  841:      //discard trashed card
    #####:  842:      for (i = 0; i < state->handCount[currentPlayer]; i++)
branch  0 never executed
branch  1 never executed
        -:  843:	{
    #####:  844:	  if (state->hand[currentPlayer][i] == j)
branch  0 never executed
branch  1 never executed
        -:  845:	    {
    #####:  846:	      discardCard(i, currentPlayer, state, 0);
    #####:  847:	      break;
        -:  848:	    }
    #####:  849:	}
        -:  850:
    #####:  851:      return 0;
        -:  852:
        -:  853:    case remodel:
    #####:  854:      j = state->hand[currentPlayer][choice1];  //store card we will trash
        -:  855:
    #####:  856:      if ( (getCost(state->hand[currentPlayer][choice1]) + 2) > getCost(choice2) )
branch  0 never executed
branch  1 never executed
        -:  857:	{
    #####:  858:	  return -1;
        -:  859:	}
        -:  860:
    #####:  861:      gainCard(choice2, state, 0, currentPlayer);
        -:  862:
        -:  863:      //discard card from hand
    #####:  864:      discardCard(handPos, currentPlayer, state, 0);
        -:  865:
        -:  866:      //discard trashed card
    #####:  867:      for (i = 0; i < state->handCount[currentPlayer]; i++)
branch  0 never executed
branch  1 never executed
        -:  868:	{
    #####:  869:	  if (state->hand[currentPlayer][i] == j)
branch  0 never executed
branch  1 never executed
        -:  870:	    {
    #####:  871:	      discardCard(i, currentPlayer, state, 0);
    #####:  872:	      break;
        -:  873:	    }
    #####:  874:	}
        -:  875:
        -:  876:
    #####:  877:      return 0;
        -:  878:
        -:  879:    case smithy:
    #####:  880:      return (playSmithy(currentPlayer, state, handPos));
        -:  881:    case village:
    #####:  882:      return (playVillage(currentPlayer, state, handPos));
        -:  883:
        -:  884:    case baron:
    #####:  885:      state->numBuys++;//Increase buys by 1!
    #####:  886:      if (choice1 > 0){//Boolean true or going to discard an estate
branch  0 never executed
branch  1 never executed
    #####:  887:	int p = 0;//Iterator for hand!
    #####:  888:	int card_not_discarded = 1;//Flag for discard set!
    #####:  889:	while(card_not_discarded){
branch  0 never executed
branch  1 never executed
    #####:  890:	  if (state->hand[currentPlayer][p] == estate){//Found an estate card!
branch  0 never executed
branch  1 never executed
    #####:  891:	    state->coins += 4;//Add 4 coins to the amount of coins
    #####:  892:	    state->discard[currentPlayer][state->discardCount[currentPlayer]] = state->hand[currentPlayer][p];
    #####:  893:	    state->discardCount[currentPlayer]++;
    #####:  894:	    for (;p < state->handCount[currentPlayer]; p++){
branch  0 never executed
branch  1 never executed
    #####:  895:	      state->hand[currentPlayer][p] = state->hand[currentPlayer][p+1];
    #####:  896:	    }
    #####:  897:	    state->hand[currentPlayer][state->handCount[currentPlayer]] = -1;
    #####:  898:	    state->handCount[currentPlayer]--;
    #####:  899:	    card_not_discarded = 0;//Exit the loop
    #####:  900:	  }
    #####:  901:	  else if (p > state->handCount[currentPlayer]){
branch  0 never executed
branch  1 never executed
        -:  902:	    if(DEBUG) {
        -:  903:	      printf("No estate cards in your hand, invalid choice\n");
        -:  904:	      printf("Must gain an estate if there are any\n");
        -:  905:	    }
    #####:  906:	    if (supplyCount(estate, state) > 0){
branch  0 never executed
branch  1 never executed
    #####:  907:	      gainCard(estate, state, 0, currentPlayer);
    #####:  908:	      state->supplyCount[estate]--;//Decrement estates
    #####:  909:	      if (supplyCount(estate, state) == 0){
branch  0 never executed
branch  1 never executed
    #####:  910:		isGameOver(state);
    #####:  911:	      }
    #####:  912:	    }
    #####:  913:	    card_not_discarded = 0;//Exit the loop
    #####:  914:	  }
        -:  915:
        -:  916:	  else{
    #####:  917:	    p++;//Next card
        -:  918:	  }
        -:  919:	}
    #####:  920:      }
        -:  921:
        -:  922:      else{
    #####:  923:	if (supplyCount(estate, state) > 0){
branch  0 never executed
branch  1 never executed
    #####:  924:	  gainCard(estate, state, 0, currentPlayer);//Gain an estate
    #####:  925:	  state->supplyCount[estate]--;//Decrement Estates
    #####:  926:	  if (supplyCount(estate, state) == 0){
branch  0 never executed
branch  1 never executed
    #####:  927:	    isGameOver(state);
    #####:  928:	  }
    #####:  929:	}
        -:  930:      }
        -:  931:
        -:  932:
    #####:  933:      return 0;
        -:  934:
        -:  935:    case great_hall:
     5000:  936:        return (playGreatHall(currentPlayer, state, handPos));
        -:  937:      return 0;
        -:  938:
        -:  939:    case minion:
        -:  940:      //+1 action
    #####:  941:      state->numActions++;
        -:  942:
        -:  943:      //discard card from hand
    #####:  944:      discardCard(handPos, currentPlayer, state, 0);
        -:  945:
    #####:  946:      if (choice1)		//+2 coins
branch  0 never executed
branch  1 never executed
        -:  947:	{
    #####:  948:	  state->coins = state->coins + 2;
    #####:  949:	}
        -:  950:
    #####:  951:      else if (choice2)		//discard hand, redraw 4, other players with 5+ cards discard hand and draw 4
branch  0 never executed
branch  1 never executed
        -:  952:	{
        -:  953:	  //discard hand
    #####:  954:	  while(numHandCards(state) > 0)
branch  0 never executed
branch  1 never executed
        -:  955:	    {
    #####:  956:	      discardCard(handPos, currentPlayer, state, 0);
        -:  957:	    }
        -:  958:
        -:  959:	  //draw 4
    #####:  960:	  for (i = 0; i < 4; i++)
branch  0 never executed
branch  1 never executed
        -:  961:	    {
    #####:  962:	      drawCard(currentPlayer, state);
    #####:  963:	    }
        -:  964:
        -:  965:	  //other players discard hand and redraw if hand size > 4
    #####:  966:	  for (i = 0; i < state->numPlayers; i++)
branch  0 never executed
branch  1 never executed
        -:  967:	    {
    #####:  968:	      if (i != currentPlayer)
branch  0 never executed
branch  1 never executed
        -:  969:		{
    #####:  970:		  if ( state->handCount[i] > 4 )
branch  0 never executed
branch  1 never executed
        -:  971:		    {
        -:  972:		      //discard hand
    #####:  973:		      while( state->handCount[i] > 0 )
branch  0 never executed
branch  1 never executed
        -:  974:			{
    #####:  975:			  discardCard(handPos, i, state, 0);
        -:  976:			}
        -:  977:
        -:  978:		      //draw 4
    #####:  979:		      for (j = 0; j < 4; j++)
branch  0 never executed
branch  1 never executed
        -:  980:			{
    #####:  981:			  drawCard(i, state);
    #####:  982:			}
    #####:  983:		    }
    #####:  984:		}
    #####:  985:	    }
        -:  986:
    #####:  987:	}
    #####:  988:      return 0;
        -:  989:
        -:  990:    case steward:
    #####:  991:      if (choice1 == 1)
branch  0 never executed
branch  1 never executed
        -:  992:	{
        -:  993:	  //+2 cards
    #####:  994:	  drawCard(currentPlayer, state);
    #####:  995:	  drawCard(currentPlayer, state);
    #####:  996:	}
    #####:  997:      else if (choice1 == 2)
branch  0 never executed
branch  1 never executed
        -:  998:	{
        -:  999:	  //+2 coins
    #####: 1000:	  state->coins = state->coins + 2;
    #####: 1001:	}
        -: 1002:      else
        -: 1003:	{
        -: 1004:	  //trash 2 cards in hand
    #####: 1005:	  discardCard(choice2, currentPlayer, state, 1);
    #####: 1006:	  discardCard(choice3, currentPlayer, state, 1);
        -: 1007:	}
        -: 1008:
        -: 1009:      //discard card from hand
    #####: 1010:      discardCard(handPos, currentPlayer, state, 0);
    #####: 1011:      return 0;
        -: 1012:
        -: 1013:    case tribute:
    #####: 1014:      if ((state->discardCount[nextPlayer] + state->deckCount[nextPlayer]) <= 1){
branch  0 never executed
branch  1 never executed
    #####: 1015:	if (state->deckCount[nextPlayer] > 0){
branch  0 never executed
branch  1 never executed
    #####: 1016:	  tributeRevealedCards[0] = state->deck[nextPlayer][state->deckCount[nextPlayer]-1];
    #####: 1017:	  state->deckCount[nextPlayer]--;
    #####: 1018:	}
    #####: 1019:	else if (state->discardCount[nextPlayer] > 0){
branch  0 never executed
branch  1 never executed
    #####: 1020:	  tributeRevealedCards[0] = state->discard[nextPlayer][state->discardCount[nextPlayer]-1];
    #####: 1021:	  state->discardCount[nextPlayer]--;
    #####: 1022:	}
        -: 1023:	else{
        -: 1024:	  //No Card to Reveal
        -: 1025:	  if (DEBUG){
        -: 1026:	    printf("No cards to reveal\n");
        -: 1027:	  }
        -: 1028:	}
    #####: 1029:      }
        -: 1030:
        -: 1031:      else{
    #####: 1032:	if (state->deckCount[nextPlayer] == 0){
branch  0 never executed
branch  1 never executed
    #####: 1033:	  for (i = 0; i < state->discardCount[nextPlayer]; i++){
branch  0 never executed
branch  1 never executed
    #####: 1034:	    state->deck[nextPlayer][i] = state->discard[nextPlayer][i];//Move to deck
    #####: 1035:	    state->deckCount[nextPlayer]++;
    #####: 1036:	    state->discard[nextPlayer][i] = -1;
    #####: 1037:	    state->discardCount[nextPlayer]--;
    #####: 1038:	  }
        -: 1039:
    #####: 1040:	  shuffle(nextPlayer,state);//Shuffle the deck
    #####: 1041:	}
    #####: 1042:	tributeRevealedCards[0] = state->deck[nextPlayer][state->deckCount[nextPlayer]-1];
    #####: 1043:	state->deck[nextPlayer][state->deckCount[nextPlayer]--] = -1;
    #####: 1044:	state->deckCount[nextPlayer]--;
    #####: 1045:	tributeRevealedCards[1] = state->deck[nextPlayer][state->deckCount[nextPlayer]-1];
    #####: 1046:	state->deck[nextPlayer][state->deckCount[nextPlayer]--] = -1;
    #####: 1047:	state->deckCount[nextPlayer]--;
        -: 1048:      }
        -: 1049:
    #####: 1050:      if (tributeRevealedCards[0] == tributeRevealedCards[1]){//If we have a duplicate card, just drop one
branch  0 never executed
branch  1 never executed
    #####: 1051:	state->playedCards[state->playedCardCount] = tributeRevealedCards[1];
    #####: 1052:	state->playedCardCount++;
    #####: 1053:	tributeRevealedCards[1] = -1;
    #####: 1054:      }
        -: 1055:
    #####: 1056:      for (i = 0; i <= 2; i ++){
branch  0 never executed
branch  1 never executed
    #####: 1057:	if (tributeRevealedCards[i] == copper || tributeRevealedCards[i] == silver || tributeRevealedCards[i] == gold){//Treasure cards
branch  0 never executed
branch  1 never executed
branch  2 never executed
branch  3 never executed
branch  4 never executed
branch  5 never executed
    #####: 1058:	  state->coins += 2;
    #####: 1059:	}
        -: 1060:
    #####: 1061:	else if (tributeRevealedCards[i] == estate || tributeRevealedCards[i] == duchy || tributeRevealedCards[i] == province || tributeRevealedCards[i] == gardens || tributeRevealedCards[i] == great_hall){//Victory Card Found
branch  0 never executed
branch  1 never executed
branch  2 never executed
branch  3 never executed
branch  4 never executed
branch  5 never executed
branch  6 never executed
branch  7 never executed
branch  8 never executed
branch  9 never executed
    #####: 1062:	  drawCard(currentPlayer, state);
    #####: 1063:	  drawCard(currentPlayer, state);
    #####: 1064:	}
        -: 1065:	else{//Action Card
    #####: 1066:	  state->numActions = state->numActions + 2;
        -: 1067:	}
    #####: 1068:      }
        -: 1069:
    #####: 1070:      return 0;
        -: 1071:
        -: 1072:    case ambassador:
    #####: 1073:      j = 0;		//used to check if player has enough cards to discard
        -: 1074:
    #####: 1075:      if (choice2 > 2 || choice2 < 0)
branch  0 never executed
branch  1 never executed
branch  2 never executed
branch  3 never executed
        -: 1076:	{
    #####: 1077:	  return -1;
        -: 1078:	}
        -: 1079:
    #####: 1080:      if (choice1 == handPos)
branch  0 never executed
branch  1 never executed
        -: 1081:	{
    #####: 1082:	  return -1;
        -: 1083:	}
        -: 1084:
    #####: 1085:      for (i = 0; i < state->handCount[currentPlayer]; i++)
branch  0 never executed
branch  1 never executed
        -: 1086:	{
    #####: 1087:	  if (i != handPos && i == state->hand[currentPlayer][choice1] && i != choice1)
branch  0 never executed
branch  1 never executed
branch  2 never executed
branch  3 never executed
branch  4 never executed
branch  5 never executed
        -: 1088:	    {
    #####: 1089:	      j++;
    #####: 1090:	    }
    #####: 1091:	}
    #####: 1092:      if (j < choice2)
branch  0 never executed
branch  1 never executed
        -: 1093:	{
    #####: 1094:	  return -1;
        -: 1095:	}
        -: 1096:
        -: 1097:      if (DEBUG)
        -: 1098:	printf("Player %d reveals card number: %d\n", currentPlayer, state->hand[currentPlayer][choice1]);
        -: 1099:
        -: 1100:      //increase supply count for choosen card by amount being discarded
    #####: 1101:      state->supplyCount[state->hand[currentPlayer][choice1]] += choice2;
        -: 1102:
        -: 1103:      //each other player gains a copy of revealed card
    #####: 1104:      for (i = 0; i < state->numPlayers; i++)
branch  0 never executed
branch  1 never executed
        -: 1105:	{
    #####: 1106:	  if (i != currentPlayer)
branch  0 never executed
branch  1 never executed
        -: 1107:	    {
    #####: 1108:	      gainCard(state->hand[currentPlayer][choice1], state, 0, i);
    #####: 1109:	    }
    #####: 1110:	}
        -: 1111:
        -: 1112:      //discard played card from hand
    #####: 1113:      discardCard(handPos, currentPlayer, state, 0);
        -: 1114:
        -: 1115:      //trash copies of cards returned to supply
    #####: 1116:      for (j = 0; j < choice2; j++)
branch  0 never executed
branch  1 never executed
        -: 1117:	{
    #####: 1118:	  for (i = 0; i < state->handCount[currentPlayer]; i++)
branch  0 never executed
branch  1 never executed
        -: 1119:	    {
    #####: 1120:	      if (state->hand[currentPlayer][i] == state->hand[currentPlayer][choice1])
branch  0 never executed
branch  1 never executed
        -: 1121:		{
    #####: 1122:		  discardCard(i, currentPlayer, state, 1);
    #####: 1123:		  break;
        -: 1124:		}
    #####: 1125:	    }
    #####: 1126:	}
        -: 1127:
    #####: 1128:      return 0;
        -: 1129:
        -: 1130:    case cutpurse:
        -: 1131:
    #####: 1132:      updateCoins(currentPlayer, state, 2);
    #####: 1133:      for (i = 0; i < state->numPlayers; i++)
branch  0 never executed
branch  1 never executed
        -: 1134:	{
    #####: 1135:	  if (i != currentPlayer)
branch  0 never executed
branch  1 never executed
        -: 1136:	    {
    #####: 1137:	      for (j = 0; j < state->handCount[i]; j++)
branch  0 never executed
branch  1 never executed
        -: 1138:		{
    #####: 1139:		  if (state->hand[i][j] == copper)
branch  0 never executed
branch  1 never executed
        -: 1140:		    {
    #####: 1141:		      discardCard(j, i, state, 0);
    #####: 1142:		      break;
        -: 1143:		    }
    #####: 1144:		  if (j == state->handCount[i])
branch  0 never executed
branch  1 never executed
        -: 1145:		    {
    #####: 1146:		      for (k = 0; k < state->handCount[i]; k++)
branch  0 never executed
branch  1 never executed
        -: 1147:			{
        -: 1148:			  if (DEBUG)
        -: 1149:			    printf("Player %d reveals card number %d\n", i, state->hand[i][k]);
    #####: 1150:			}
    #####: 1151:		      break;
        -: 1152:		    }
    #####: 1153:		}
        -: 1154:
    #####: 1155:	    }
        -: 1156:
    #####: 1157:	}
        -: 1158:
        -: 1159:      //discard played card from hand
    #####: 1160:      discardCard(handPos, currentPlayer, state, 0);
        -: 1161:
    #####: 1162:      return 0;
        -: 1163:
        -: 1164:
        -: 1165:    case embargo:
        -: 1166:      //+2 Coins
    #####: 1167:      state->coins = state->coins + 2;
        -: 1168:
        -: 1169:      //see if selected pile is in play
    #####: 1170:      if ( state->supplyCount[choice1] == -1 )
branch  0 never executed
branch  1 never executed
        -: 1171:	{
    #####: 1172:	  return -1;
        -: 1173:	}
        -: 1174:
        -: 1175:      //add embargo token to selected supply pile
    #####: 1176:      state->embargoTokens[choice1]++;
        -: 1177:
        -: 1178:      //trash card
    #####: 1179:      discardCard(handPos, currentPlayer, state, 1);
    #####: 1180:      return 0;
        -: 1181:
        -: 1182:    case outpost:
        -: 1183:      //set outpost flag
    #####: 1184:      state->outpostPlayed++;
        -: 1185:
        -: 1186:      //discard card
    #####: 1187:      discardCard(handPos, currentPlayer, state, 0);
    #####: 1188:      return 0;
        -: 1189:
        -: 1190:    case salvager:
        -: 1191:      //+1 buy
    #####: 1192:      state->numBuys++;
        -: 1193:
    #####: 1194:      if (choice1)
branch  0 never executed
branch  1 never executed
        -: 1195:	{
        -: 1196:	  //gain coins equal to trashed card
    #####: 1197:	  state->coins = state->coins + getCost( handCard(choice1, state) );
        -: 1198:	  //trash card
    #####: 1199:	  discardCard(choice1, currentPlayer, state, 1);
    #####: 1200:	}
        -: 1201:
        -: 1202:      //discard card
    #####: 1203:      discardCard(handPos, currentPlayer, state, 0);
    #####: 1204:      return 0;
        -: 1205:
        -: 1206:    case sea_hag:
    #####: 1207:      for (i = 0; i < state->numPlayers; i++){
branch  0 never executed
branch  1 never executed
    #####: 1208:	if (i != currentPlayer){
branch  0 never executed
branch  1 never executed
    #####: 1209:	  state->discard[i][state->discardCount[i]] = state->deck[i][state->deckCount[i]--];			    state->deckCount[i]--;
    #####: 1210:	  state->discardCount[i]++;
    #####: 1211:	  state->deck[i][state->deckCount[i]--] = curse;//Top card now a curse
    #####: 1212:	}
    #####: 1213:      }
    #####: 1214:      return 0;
        -: 1215:
        -: 1216:    case treasure_map:
        -: 1217:      //search hand for another treasure_map
    #####: 1218:      index = -1;
    #####: 1219:      for (i = 0; i < state->handCount[currentPlayer]; i++)
branch  0 never executed
branch  1 never executed
        -: 1220:	{
    #####: 1221:	  if (state->hand[currentPlayer][i] == treasure_map && i != handPos)
branch  0 never executed
branch  1 never executed
branch  2 never executed
branch  3 never executed
        -: 1222:	    {
    #####: 1223:	      index = i;
    #####: 1224:	      break;
        -: 1225:	    }
    #####: 1226:	}
    #####: 1227:      if (index > -1)
branch  0 never executed
branch  1 never executed
        -: 1228:	{
        -: 1229:	  //trash both treasure cards
    #####: 1230:	  discardCard(handPos, currentPlayer, state, 1);
    #####: 1231:	  discardCard(index, currentPlayer, state, 1);
        -: 1232:
        -: 1233:	  //gain 4 Gold cards
    #####: 1234:	  for (i = 0; i < 4; i++)
branch  0 never executed
branch  1 never executed
        -: 1235:	    {
    #####: 1236:	      gainCard(gold, state, 1, currentPlayer);
    #####: 1237:	    }
        -: 1238:
        -: 1239:	  //return success
    #####: 1240:	  return 1;
        -: 1241:	}
        -: 1242:
        -: 1243:      //no second treasure_map found in hand
    #####: 1244:      return -1;
        -: 1245:    }
        -: 1246:
    #####: 1247:  return -1;
     5000: 1248:}
        -: 1249:
function discardCard called 5000 returned 100% blocks executed 90%
        -: 1250:int discardCard(int handPos, int currentPlayer, struct gameState *state, int trashFlag)
        -: 1251:{
        -: 1252:
        -: 1253:  //if card is not trashed, added to Played pile
     5000: 1254:  if (trashFlag < 1)
branch  0 taken 100%
branch  1 taken 0%
        -: 1255:    {
        -: 1256:      //add card to played pile
     5000: 1257:      state->playedCards[state->playedCardCount] = state->hand[currentPlayer][handPos];
     5000: 1258:      state->playedCardCount++;
     5000: 1259:    }
        -: 1260:
        -: 1261:  //set played card to -1
     5000: 1262:  state->hand[currentPlayer][handPos] = -1;
        -: 1263:
        -: 1264:  //remove card from player's hand
     5000: 1265:  if ( handPos == (state->handCount[currentPlayer] - 1) ) 	//last card in hand array is played
branch  0 taken 1%
branch  1 taken 99%
        -: 1266:    {
        -: 1267:      //reduce number of cards in hand
        7: 1268:      state->handCount[currentPlayer]--;
        7: 1269:    }
     4993: 1270:  else if ( state->handCount[currentPlayer] == 1 ) //only one card in hand
branch  0 taken 0%
branch  1 taken 100%
        -: 1271:    {
        -: 1272:      //reduce number of cards in hand
    #####: 1273:      state->handCount[currentPlayer]--;
    #####: 1274:    }
        -: 1275:  else
        -: 1276:    {
        -: 1277:      //replace discarded card with last card in hand
     4993: 1278:      state->hand[currentPlayer][handPos] = state->hand[currentPlayer][ (state->handCount[currentPlayer] - 1)];
        -: 1279:      //set last card to -1
     4993: 1280:      state->hand[currentPlayer][state->handCount[currentPlayer] - 1] = -1;
        -: 1281:      //reduce number of cards in hand
     4993: 1282:      state->handCount[currentPlayer]--;
        -: 1283:    }
        -: 1284:
     5000: 1285:  return 0;
        -: 1286:}
        -: 1287:
function gainCard called 0 returned 0% blocks executed 0%
        -: 1288:int gainCard(int supplyPos, struct gameState *state, int toFlag, int player)
        -: 1289:{
        -: 1290:  //Note: supplyPos is enum of choosen card
        -: 1291:
        -: 1292:  //check if supply pile is empty (0) or card is not used in game (-1)
    #####: 1293:  if ( supplyCount(supplyPos, state) < 1 )
branch  0 never executed
branch  1 never executed
        -: 1294:    {
    #####: 1295:      return -1;
        -: 1296:    }
        -: 1297:
        -: 1298:  //added card for [whoseTurn] current player:
        -: 1299:  // toFlag = 0 : add to discard
        -: 1300:  // toFlag = 1 : add to deck
        -: 1301:  // toFlag = 2 : add to hand
        -: 1302:
    #####: 1303:  if (toFlag == 1)
branch  0 never executed
branch  1 never executed
        -: 1304:    {
    #####: 1305:      state->deck[ player ][ state->deckCount[player] ] = supplyPos;
    #####: 1306:      state->deckCount[player]++;
    #####: 1307:    }
    #####: 1308:  else if (toFlag == 2)
branch  0 never executed
branch  1 never executed
        -: 1309:    {
    #####: 1310:      state->hand[ player ][ state->handCount[player] ] = supplyPos;
    #####: 1311:      state->handCount[player]++;
    #####: 1312:    }
        -: 1313:  else
        -: 1314:    {
    #####: 1315:      state->discard[player][ state->discardCount[player] ] = supplyPos;
    #####: 1316:      state->discardCount[player]++;
        -: 1317:    }
        -: 1318:
        -: 1319:  //decrease number in supply pile
    #####: 1320:  state->supplyCount[supplyPos]--;
        -: 1321:
    #####: 1322:  return 0;
    #####: 1323:}
        -: 1324:
function updateCoins called 5000 returned 100% blocks executed 85%
        -: 1325:int updateCoins(int player, struct gameState *state, int bonus)
        -: 1326:{
        -: 1327:  int i;
        -: 1328:
        -: 1329:  //reset coin count
     5000: 1330:  state->coins = 0;
        -: 1331:
        -: 1332:  //add coins for each Treasure card in player's hand
    60000: 1333:  for (i = 0; i < state->handCount[player]; i++)
branch  0 taken 83%
branch  1 taken 17%
        -: 1334:    {
    25000: 1335:      if (state->hand[player][i] == copper)
branch  0 taken 80%
branch  1 taken 20%
        -: 1336:	{
    20000: 1337:	  state->coins += 1;
    20000: 1338:	}
     5000: 1339:      else if (state->hand[player][i] == silver)
branch  0 taken 0%
branch  1 taken 100%
        -: 1340:	{
    #####: 1341:	  state->coins += 2;
    #####: 1342:	}
     5000: 1343:      else if (state->hand[player][i] == gold)
branch  0 taken 0%
branch  1 taken 100%
        -: 1344:	{
    #####: 1345:	  state->coins += 3;
    #####: 1346:	}
    25000: 1347:    }
        -: 1348:
        -: 1349:  //add bonus
     5000: 1350:  state->coins += bonus;
        -: 1351:
     5000: 1352:  return 0;
        -: 1353:}
        -: 1354:
        -: 1355:
        -: 1356://end of dominion.c
